<?xml version="1.0" encoding="UTF-8"?>
<!-- Generated by org.testng.reporters.JUnitReportReporter -->
<testsuite hostname="Mohammads-MacBook-Pro.local" failures="0" tests="4" name="api.test.UserTests2" time="3.919" errors="0" timestamp="2023-09-06T22:09:32 PDT" skipped="0">
  <testcase classname="api.test.UserTests2" name="testPostUser" time="2.060"/>
  <system-out/>
  <testcase classname="api.test.UserTests2" name="testGetUserByName" time="0.519"/>
  <system-out/>
  <testcase classname="api.test.UserTests2" name="testUpdateUserByName" time="0.898"/>
  <system-out/>
  <testcase classname="api.test.UserTests2" name="testDeleteUserByName" time="0.442"/>
  <system-out/>
</testsuite> <!-- api.test.UserTests2 -->
